컴퓨터 [  바위] vs 유저 [  바위]로무승부-09:54:11.888401700
컴퓨터 [  가위] vs 유저 [   보]로컴퓨터 승리-09:54:14.060220900
컴퓨터 [  가위] vs 유저 [  바위]로유저 승리-09:54:15.415417700
컴퓨터 [  바위] vs 유저 [  바위]로무승부-09:54:22.125290900
컴퓨터 [  바위] vs 유저 [   보]로유저 승리-09:54:48.172433600
컴퓨터 [  가위] vs 유저 [  바위]로유저 승리-09:57:51.138897600
컴퓨터 [  가위] vs 유저 [  바위]로유저 승리-09:57:51.138897600
컴퓨터 [  바위] vs 유저 [  가위]로컴퓨터 승리-09:57:51.138897600
컴퓨터 [  바위] vs 유저 [  가위]로컴퓨터 승리-09:57:51.138897600
컴퓨터 [   보] vs 유저 [   보]로무승부-09:57:51.139897600
컴퓨터 [  바위] vs 유저 [   보]로유저 승리-09:57:51.139897600
컴퓨터 [   보] vs 유저 [   보]로무승부-09:57:51.139897600
컴퓨터 [   보] vs 유저 [  바위]로컴퓨터 승리-09:57:51.139897600
컴퓨터 [  가위] vs 유저 [  바위]로유저 승리-09:57:51.139897600
컴퓨터 [  가위] vs 유저 [  가위]로무승부-09:57:51.139897600
컴퓨터 [   보] vs 유저 [  바위]로컴퓨터 승리-09:57:53.087833200
컴퓨터 [  바위] vs 유저 [   보]로유저 승리-09:57:53.088843600
컴퓨터 [   보] vs 유저 [   보]로무승부-09:57:53.088843600
컴퓨터 [  바위] vs 유저 [   보]로유저 승리-09:57:53.088843600
컴퓨터 [  바위] vs 유저 [   보]로유저 승리-09:57:53.088843600
컴퓨터 [  바위] vs 유저 [  가위]로컴퓨터 승리-09:57:53.088843600
컴퓨터 [  가위] vs 유저 [  바위]로유저 승리-09:57:53.088843600
컴퓨터 [  가위] vs 유저 [  바위]로유저 승리-09:57:53.088843600
컴퓨터 [  가위] vs 유저 [  바위]로유저 승리-09:57:53.088843600
컴퓨터 [   보] vs 유저 [   보]로무승부-09:57:53.089833900
컴퓨터 [  가위] vs 유저 [  가위]로무승부-09:57:57.093794100
컴퓨터 [  가위] vs 유저 [  가위]로무승부-09:57:57.094794
컴퓨터 [  바위] vs 유저 [  바위]로무승부-09:57:57.094794
컴퓨터 [  바위] vs 유저 [   보]로유저 승리-09:57:57.094794
컴퓨터 [  바위] vs 유저 [  바위]로무승부-09:57:57.094794
컴퓨터 [  가위] vs 유저 [   보]로컴퓨터 승리-09:57:57.094794
컴퓨터 [  바위] vs 유저 [  바위]로무승부-09:57:57.095803500
컴퓨터 [  가위] vs 유저 [  바위]로유저 승리-09:57:57.095803500
컴퓨터 [  바위] vs 유저 [   보]로유저 승리-09:57:57.095803500
컴퓨터 [  바위] vs 유저 [  가위]로컴퓨터 승리-09:57:57.095803500
컴퓨터 [  가위] vs 유저 [  가위]로무승부-09:58:00.182845800
컴퓨터 [  바위] vs 유저 [   보]로유저 승리-09:58:00.183846700
컴퓨터 [  바위] vs 유저 [   보]로유저 승리-09:58:00.183846700
컴퓨터 [  바위] vs 유저 [   보]로유저 승리-09:58:00.183846700
컴퓨터 [  가위] vs 유저 [  가위]로무승부-09:58:00.183846700
컴퓨터 [  바위] vs 유저 [  가위]로컴퓨터 승리-09:58:00.183846700
컴퓨터 [  바위] vs 유저 [  가위]로컴퓨터 승리-09:58:00.183846700
컴퓨터 [  바위] vs 유저 [  가위]로컴퓨터 승리-09:58:00.183846700
컴퓨터 [  바위] vs 유저 [  바위]로무승부-09:58:00.183846700
컴퓨터 [  바위] vs 유저 [  가위]로컴퓨터 승리-09:58:00.184852200
컴퓨터 [  바위] vs 유저 [  가위]로컴퓨터 승리-09:58:02.689552300
컴퓨터 [   보] vs 유저 [  바위]로컴퓨터 승리-09:58:02.690552900
컴퓨터 [  가위] vs 유저 [  가위]로무승부-09:58:02.690552900
컴퓨터 [   보] vs 유저 [  가위]로유저 승리-09:58:02.690552900
컴퓨터 [   보] vs 유저 [   보]로무승부-09:58:02.690552900
컴퓨터 [  가위] vs 유저 [   보]로컴퓨터 승리-09:58:02.690552900
컴퓨터 [  가위] vs 유저 [  바위]로유저 승리-09:58:02.691552900
컴퓨터 [  가위] vs 유저 [  가위]로무승부-09:58:02.691552900
컴퓨터 [   보] vs 유저 [  바위]로컴퓨터 승리-09:58:02.691552900
컴퓨터 [  가위] vs 유저 [  바위]로유저 승리-09:58:02.691552900
컴퓨터 [   보] vs 유저 [  바위]로컴퓨터 승리-09:58:05.201014700
컴퓨터 [  바위] vs 유저 [   보]로유저 승리-09:58:05.202001700
컴퓨터 [  가위] vs 유저 [   보]로컴퓨터 승리-09:58:05.202001700
컴퓨터 [  가위] vs 유저 [  바위]로유저 승리-09:58:05.202001700
컴퓨터 [  바위] vs 유저 [  가위]로컴퓨터 승리-09:58:05.202001700
컴퓨터 [  바위] vs 유저 [  바위]로무승부-09:58:05.202001700
컴퓨터 [   보] vs 유저 [  가위]로유저 승리-09:58:05.202001700
컴퓨터 [  가위] vs 유저 [   보]로컴퓨터 승리-09:58:05.202001700
컴퓨터 [   보] vs 유저 [  가위]로유저 승리-09:58:05.203001700
컴퓨터 [  가위] vs 유저 [  가위]로무승부-09:58:05.203001700
컴퓨터 [  가위] vs 유저 [  가위]로무승부-09:58:26.233615100
컴퓨터 [  가위] vs 유저 [  바위]로유저 승리-09:58:26.233615100
컴퓨터 [  가위] vs 유저 [   보]로컴퓨터 승리-09:58:26.233615100
컴퓨터 [   보] vs 유저 [   보]로무승부-09:58:26.233615100
컴퓨터 [  가위] vs 유저 [  가위]로무승부-09:58:26.233615100
컴퓨터 [  가위] vs 유저 [  가위]로무승부-09:58:26.234615100
컴퓨터 [   보] vs 유저 [  가위]로유저 승리-09:58:26.234615100
컴퓨터 [  바위] vs 유저 [   보]로유저 승리-09:58:26.234615100
컴퓨터 [  가위] vs 유저 [  바위]로유저 승리-09:58:26.234615100
컴퓨터 [  바위] vs 유저 [  바위]로무승부-09:58:26.234615100
컴퓨터 [  바위] vs 유저 [   보]로유저 승리-09:58:29.886345800
컴퓨터 [  가위] vs 유저 [   보]로컴퓨터 승리-09:58:29.887346
컴퓨터 [  가위] vs 유저 [  바위]로유저 승리-09:58:29.887346
컴퓨터 [  가위] vs 유저 [  가위]로무승부-09:58:29.887346
컴퓨터 [   보] vs 유저 [  바위]로컴퓨터 승리-09:58:29.887346
컴퓨터 [   보] vs 유저 [  가위]로유저 승리-09:58:29.887346
컴퓨터 [   보] vs 유저 [   보]로무승부-09:58:29.888346
컴퓨터 [   보] vs 유저 [   보]로무승부-09:58:29.888346
컴퓨터 [  바위] vs 유저 [  바위]로무승부-09:58:29.888346
컴퓨터 [   보] vs 유저 [   보]로무승부-09:58:29.888346
